build/app/outputs/mapping/release/usage.txt
br.com.diego.correa.hero_app.R
br.com.diego.correa.hero_app.R$attr
br.com.diego.correa.hero_app.R$drawable
br.com.diego.correa.hero_app.R$dimen
br.com.diego.correa.hero_app.R$string
br.com.diego.correa.hero_app.R$layout
br.com.diego.correa.hero_app.R$styleable
br.com.diego.correa.hero_app.R$mipmap
br.com.diego.correa.hero_app.R$color
br.com.diego.correa.hero_app.R$style
br.com.diego.correa.hero_app.R$id
br.com.diego.correa.hero_app.R$integer
br.com.diego.correa.hero_app.BuildConfig
...
com.google.common.math.MathPreconditions
kotlin.ranges.LongRange
com.google.common.collect.AbstractMapBasedMultimap$1
com.google.common.collect.MultimapBuilder$SetMultimapBuilder
kotlin.annotation.AnnotationRetention
io.flutter.plugins.pathprovider.R$id
androidx.core.view.KeyEventDispatcher
kotlin.collections.MapsKt
io.flutter.BuildConfig
androidx.core.content.res.TypedArrayUtils
javax.annotation.Nonnull$Checker
com.google.common.hash.SipHashFunction$SipHasher
kotlin.NumbersKt__BigDecimalsKt
com.google.common.collect.ImmutableMultimap$Keys
kotlin.UInt$Companion
com.google.common.collect.ArrayTable$3
com.google.common.graph.Graphs$TransposedGraph
kotlin.jvm.functions.Function3
com.google.common.graph.UndirectedMultiNetworkConnections
androidx.fragment.app.FragmentTransitionImpl$2
com.google.common.collect.MinMaxPriorityQueue$1
com.google.common.base.Converter$1
com.google.thirdparty.publicsuffix.PublicSuffixType
com.google.common.hash.LittleEndianByteArray$UnsafeByteArray$3
com.google.common.collect.AbstractMapBasedMultimap$NavigableKeySet
com.google.common.cache.LocalCache$StrongEntry
com.google.common.collect.MapMakerInternalMap$WeakKeyWeakValueEntry
androidx.core.content.pm.ShortcutManagerCompat
io.flutter.embedding.engine.systemchannels.KeyEventChannel$FlutterKeyEvent:
    public void <init>(android.view.KeyEvent)
androidx.fragment.app.FragmentManagerImpl$OpGenerator
com.google.common.escape.Escapers$1
com.google.common.collect.Interners$InternerBuilder
com.google.common.base.Predicates
com.google.common.reflect.ClassPath$Scanner
androidx.core.widget.ScrollerCompat
androidx.core.provider.FontsContractCompat$4$7
com.google.common.util.concurrent.WrappingScheduledExecutorService
kotlin.text.MatchResult$Destructured
com.google.common.cache.ForwardingLoadingCache
androidx.core.view.TintableBackgroundView
androidx.core.app.ActivityCompat$RequestPermissionsRequestCodeValidator
com.google.common.collect.ForwardingCollection
com.google.common.util.concurrent.CycleDetectingLockFactory$CycleDetectingReentrantLock
com.google.common.base.Functions$FunctionForMapNoDefault
com.google.common.eventbus.package-info
com.google.common.collect.MapMakerInternalMap$StrongKeyWeakValueEntry$Helper
com.google.common.cache.LocalCache$AccessQueue$2
com.google.common.hash.HashingOutputStream
androidx.customview.widget.FocusStrategy$SequentialComparator
androidx.core.view.accessibility.AccessibilityNodeProviderCompat$AccessibilityNodeProviderApi19
com.google.common.collect.HashBiMap$EntryForValue
kotlin.collections.CollectionsKt___CollectionsKt$elementAt$1
androidx.viewpager.widget.PagerAdapter
com.google.common.reflect.TypeToken$TypeCollector$3
com.google.common.hash.Hashing$ChecksumType$1
com.google.common.collect.AbstractTable$1
javax.annotation.OverridingMethodsMustInvokeSuper
kotlin.collections.ArrayAsCollection
com.google.common.collect.Multimaps$Keys$1$1
androidx.fragment.app.FragmentManagerImpl$3$1
androidx.core.provider.FontsContractCompat$1
kotlin.properties.Delegates$vetoable$1
com.google.common.primitives.Ints$IntConverter
com.google.common.collect.ForwardingListMultimap
com.google.common.util.concurrent.AbstractScheduledService$Scheduler$1
com.google.common.collect.Multisets$FilteredMultiset
io.flutter.view.FlutterView$ZeroSides
com.google.common.collect.Multisets$MultisetIteratorImpl
com.google.common.primitives.UnsignedLong
com.google.common.collect.LinkedHashMultimapGwtSerializationDependencies
com.google.common.collect.ImmutableMultiset$1
kotlin.internal.Exact
com.google.common.collect.FilteredKeyMultimap$Entries
com.google.common.eventbus.Dispatcher$PerThreadQueuedDispatcher
com.google.common.reflect.TypeResolver$1
kotlin.jvm.internal.TypeIntrinsics